<?xml version="1.0" encoding="UTF-8"?>
<testng-results ignored="0" total="1" passed="1" failed="0" skipped="0">
  <reporter-output>
  </reporter-output>
  <suite started-at="2024-07-05T00:57:58 IST" name="Default suite" finished-at="2024-07-05T00:58:11 IST" duration-ms="12348">
    <groups>
    </groups>
    <test started-at="2024-07-05T00:57:58 IST" name="Default test" finished-at="2024-07-05T00:58:11 IST" duration-ms="12348">
      <class name="test_suite.jsexecutor">
        <test-method is-config="true" signature="visit()[pri:0, instance:test_suite.jsexecutor@16eb3ea3]" started-at="2024-07-05T00:57:58 IST" name="visit" finished-at="2024-07-05T00:58:06 IST" duration-ms="8142" status="PASS">
          <reporter-output>
          </reporter-output>
        </test-method> <!-- visit -->
        <test-method signature="tst()[pri:0, instance:test_suite.jsexecutor@16eb3ea3]" started-at="2024-07-05T00:58:06 IST" name="tst" finished-at="2024-07-05T00:58:11 IST" duration-ms="4148" status="PASS">
          <reporter-output>
          </reporter-output>
        </test-method> <!-- tst -->
      </class> <!-- test_suite.jsexecutor -->
    </test> <!-- Default test -->
  </suite> <!-- Default suite -->
</testng-results>
